#
# There is insufficient memory for the Java Runtime Environment to continue.
# Native memory allocation (malloc) failed to allocate 32744 bytes for ChunkPool::allocate
# Possible reasons:
#   The system is out of physical RAM or swap space
#   The process is running with CompressedOops enabled, and the Java Heap may be blocking the growth of the native heap
# Possible solutions:
#   Reduce memory load on the system
#   Increase physical memory or swap space
#   Check if swap backing store is full
#   Decrease Java heap size (-Xmx/-Xms)
#   Decrease number of Java threads
#   Decrease Java thread stack sizes (-Xss)
#   Set larger code cache with -XX:ReservedCodeCacheSize=
#   JVM is running with Unscaled Compressed Oops mode in which the Java heap is
#     placed in the first 4GB address space. The Java Heap base address is the
#     maximum limit for the native heap growth. Please use -XX:HeapBaseMinAddress
#     to set the Java Heap base and to place the Java Heap above 4GB virtual address.
# This output file may be truncated or incomplete.
#
#  Out of Memory Error (arena.cpp:78), pid=6988, tid=9476
#
# JRE version: OpenJDK Runtime Environment Temurin-17.0.6+10 (17.0.6+10) (build 17.0.6+10)
# Java VM: OpenJDK 64-Bit Server VM Temurin-17.0.6+10 (17.0.6+10, mixed mode, sharing, tiered, compressed oops, compressed class ptrs, g1 gc, windows-amd64)
# No core dump will be written. Minidumps are not enabled by default on client versions of Windows
#

---------------  S U M M A R Y ------------

Command Line: -XX:+ShowCodeDetailsInExceptionMessages resume

Host: Intel(R) Core(TM) i3-7020U CPU @ 2.30GHz, 4 cores, 3G,  Windows 10 , 64 bit Build 19041 (10.0.19041.3393)
Time: Tue Oct 10 00:13:59 2023 India Standard Time elapsed time: 0.611765 seconds (0d 0h 0m 0s)

---------------  T H R E A D  ---------------

Current thread (0x0000020668395f00):  JavaThread "C2 CompilerThread0" daemon [_thread_in_vm, id=9476, stack(0x0000002cb0600000,0x0000002cb0700000)]

Stack: [0x0000002cb0600000,0x0000002cb0700000]
Native frames: (J=compiled Java code, j=interpreted, Vv=VM code, C=native code)
V  [jvm.dll+0x67741a]
V  [jvm.dll+0x834434]
V  [jvm.dll+0x835bde]
V  [jvm.dll+0x836243]
V  [jvm.dll+0x2457b5]
V  [jvm.dll+0xabd1c]
V  [jvm.dll+0xac0cc]
V  [jvm.dll+0x1ff7c9]
V  [jvm.dll+0x6e9bfe]
V  [jvm.dll+0x6d11e2]
V  [jvm.dll+0x1a3f2d]
V  [jvm.dll+0x226309]
V  [jvm.dll+0x22541a]
V  [jvm.dll+0x7ea2cb]
V  [jvm.dll+0x7e483a]
V  [jvm.dll+0x6762c5]
C  [ucrtbase.dll+0x21bb2]
C  [KERNEL32.DLL+0x17344]
C  [ntdll.dll+0x526b1]


---------------  P R O C E S S  ---------------

Threads class SMR info:
_java_thread_list=0x0000020668392820, length=10, elements={
0x000002064cf25fb0, 0x000002064cfecf40, 0x000002064cfed9c0, 0x000002064cffd350,
0x000002064cffda20, 0x000002064cffdfe0, 0x000002064cffe5a0, 0x0000020668395f00,
0x00000206683975c0, 0x000002066839fbf0
}

Java Threads: ( => current thread )
  0x000002064cf25fb0 JavaThread "main" [_thread_in_Java, id=11020, stack(0x0000002caf900000,0x0000002cafa00000)]
  0x000002064cfecf40 JavaThread "Reference Handler" daemon [_thread_blocked, id=14312, stack(0x0000002cb0000000,0x0000002cb0100000)]
  0x000002064cfed9c0 JavaThread "Finalizer" daemon [_thread_blocked, id=15740, stack(0x0000002cb0100000,0x0000002cb0200000)]
  0x000002064cffd350 JavaThread "Signal Dispatcher" daemon [_thread_blocked, id=2136, stack(0x0000002cb0200000,0x0000002cb0300000)]
  0x000002064cffda20 JavaThread "Attach Listener" daemon [_thread_blocked, id=10756, stack(0x0000002cb0300000,0x0000002cb0400000)]
  0x000002064cffdfe0 JavaThread "Service Thread" daemon [_thread_blocked, id=11660, stack(0x0000002cb0400000,0x0000002cb0500000)]
  0x000002064cffe5a0 JavaThread "Monitor Deflation Thread" daemon [_thread_blocked, id=13856, stack(0x0000002cb0500000,0x0000002cb0600000)]
=>0x0000020668395f00 JavaThread "C2 CompilerThread0" daemon [_thread_in_vm, id=9476, stack(0x0000002cb0600000,0x0000002cb0700000)]
  0x00000206683975c0 JavaThread "C1 CompilerThread0" daemon [_thread_in_native, id=5608, stack(0x0000002cb0700000,0x0000002cb0800000)]
  0x000002066839fbf0 JavaThread "Sweeper thread" daemon [_thread_blocked, id=13296, stack(0x0000002cb0800000,0x0000002cb0900000)]

Other Threads:
  0x000002064cfe9340 VMThread "VM Thread" [stack: 0x0000002caff00000,0x0000002cb0000000] [id=6444]
  0x000002064cf64270 GCTaskThread "GC Thread#0" [stack: 0x0000002cafa00000,0x0000002cafb00000] [id=11724]
  0x000002064cf6d5d0 ConcurrentGCThread "G1 Main Marker" [stack: 0x0000002cafb00000,0x0000002cafc00000] [id=15952]
  0x000002064cf6dfe0 ConcurrentGCThread "G1 Conc#0" [stack: 0x0000002cafc00000,0x0000002cafd00000] [id=8692]
  0x000002064cfc3b00 ConcurrentGCThread "G1 Refine#0" [stack: 0x0000002cafd00000,0x0000002cafe00000] [id=10004]
  0x000002064cfc4520 ConcurrentGCThread "G1 Service" [stack: 0x0000002cafe00000,0x0000002caff00000] [id=15380]

Threads with active compile tasks:
C1 CompilerThread0      677   29       3       java.util.concurrent.ConcurrentHashMap::spread (10 bytes)

VM state: not at safepoint (normal execution)

VM Mutex/Monitor currently owned by a thread: None

Heap address: 0x00000000c1c00000, size: 996 MB, Compressed Oops mode: 32-bit

CDS archive(s) mapped at: [0x0000000800000000-0x0000000800bc0000-0x0000000800bc0000), size 12320768, SharedBaseAddress: 0x0000000800000000, ArchiveRelocationMode: 0.
Compressed class space mapped at: 0x0000000800c00000-0x0000000840c00000, reserved size: 1073741824
Narrow klass base: 0x0000000800000000, Narrow klass shift: 0, Narrow klass range: 0x100000000

GC Precious Log:
 CPUs: 4 total, 4 available
 Memory: 3978M
 Large Page Support: Disabled
 NUMA Support: Disabled
 Compressed Oops: Enabled (32-bit)
 Heap Region Size: 1M
 Heap Min Capacity: 8M
 Heap Initial Capacity: 64M
 Heap Max Capacity: 996M
 Pre-touch: Disabled
 Parallel Workers: 4
 Concurrent Workers: 1
 Concurrent Refinement Workers: 4
 Periodic GC: Disabled

Heap:
 garbage-first heap   total 65536K, used 0K [0x00000000c1c00000, 0x0000000100000000)
  region size 1024K, 1 young (1024K), 0 survivors (0K)
 Metaspace       used 75K, committed 192K, reserved 1056768K
  class space    used 2K, committed 64K, reserved 1048576K

Heap Regions: E=young(eden), S=young(survivor), O=old, HS=humongous(starts), HC=humongous(continues), CS=collection set, F=free, OA=open archive, CA=closed archive, TAMS=top-at-mark-start (previous, next)
|   0|0x00000000c1c00000, 0x00000000c1c00000, 0x00000000c1d00000|  0%| F|  |TAMS 0x00000000c1c00000, 0x00000000c1c00000| Untracked 
|   1|0x00000000c1d00000, 0x00000000c1d00000, 0x00000000c1e00000|  0%| F|  |TAMS 0x00000000c1d00000, 0x00000000c1d00000| Untracked 
|   2|0x00000000c1e00000, 0x00000000c1e00000, 0x00000000c1f00000|  0%| F|  |TAMS 0x00000000c1e00000, 0x00000000c1e00000| Untracked 
|   3|0x00000000c1f00000, 0x00000000c1f00000, 0x00000000c2000000|  0%| F|  |TAMS 0x00000000c1f00000, 0x00000000c1f00000| Untracked 
|   4|0x00000000c2000000, 0x00000000c2000000, 0x00000000c2100000|  0%| F|  |TAMS 0x00000000c2000000, 0x00000000c2000000| Untracked 
|   5|0x00000000c2100000, 0x00000000c2100000, 0x00000000c2200000|  0%| F|  |TAMS 0x00000000c2100000, 0x00000000c2100000| Untracked 
|   6|0x00000000c2200000, 0x00000000c2200000, 0x00000000c2300000|  0%| F|  |TAMS 0x00000000c2200000, 0x00000000c2200000| Untracked 
|   7|0x00000000c2300000, 0x00000000c2300000, 0x00000000c2400000|  0%| F|  |TAMS 0x00000000c2300000, 0x00000000c2300000| Untracked 
|   8|0x00000000c2400000, 0x00000000c2400000, 0x00000000c2500000|  0%| F|  |TAMS 0x00000000c2400000, 0x00000000c2400000| Untracked 
|   9|0x00000000c2500000, 0x00000000c2500000, 0x00000000c2600000|  0%| F|  |TAMS 0x00000000c2500000, 0x00000000c2500000| Untracked 
|  10|0x00000000c2600000, 0x00000000c2600000, 0x00000000c2700000|  0%| F|  |TAMS 0x00000000c2600000, 0x00000000c2600000| Untracked 
|  11|0x00000000c2700000, 0x00000000c2700000, 0x00000000c2800000|  0%| F|  |TAMS 0x00000000c2700000, 0x00000000c2700000| Untracked 
|  12|0x00000000c2800000, 0x00000000c2800000, 0x00000000c2900000|  0%| F|  |TAMS 0x00000000c2800000, 0x00000000c2800000| Untracked 
|  13|0x00000000c2900000, 0x00000000c2900000, 0x00000000c2a00000|  0%| F|  |TAMS 0x00000000c2900000, 0x00000000c2900000| Untracked 
|  14|0x00000000c2a00000, 0x00000000c2a00000, 0x00000000c2b00000|  0%| F|  |TAMS 0x00000000c2a00000, 0x00000000c2a00000| Untracked 
|  15|0x00000000c2b00000, 0x00000000c2b00000, 0x00000000c2c00000|  0%| F|  |TAMS 0x00000000c2b00000, 0x00000000c2b00000| Untracked 
|  16|0x00000000c2c00000, 0x00000000c2c00000, 0x00000000c2d00000|  0%| F|  |TAMS 0x00000000c2c00000, 0x00000000c2c00000| Untracked 
|  17|0x00000000c2d00000, 0x00000000c2d00000, 0x00000000c2e00000|  0%| F|  |TAMS 0x00000000c2d00000, 0x00000000c2d00000| Untracked 
|  18|0x00000000c2e00000, 0x00000000c2e00000, 0x00000000c2f00000|  0%| F|  |TAMS 0x00000000c2e00000, 0x00000000c2e00000| Untracked 
|  19|0x00000000c2f00000, 0x00000000c2f00000, 0x00000000c3000000|  0%| F|  |TAMS 0x00000000c2f00000, 0x00000000c2f00000| Untracked 
|  20|0x00000000c3000000, 0x00000000c3000000, 0x00000000c3100000|  0%| F|  |TAMS 0x00000000c3000000, 0x00000000c3000000| Untracked 
|  21|0x00000000c3100000, 0x00000000c3100000, 0x00000000c3200000|  0%| F|  |TAMS 0x00000000c3100000, 0x00000000c3100000| Untracked 
|  22|0x00000000c3200000, 0x00000000c3200000, 0x00000000c3300000|  0%| F|  |TAMS 0x00000000c3200000, 0x00000000c3200000| Untracked 
|  23|0x00000000c3300000, 0x00000000c3300000, 0x00000000c3400000|  0%| F|  |TAMS 0x00000000c3300000, 0x00000000c3300000| Untracked 
|  24|0x00000000c3400000, 0x00000000c3400000, 0x00000000c3500000|  0%| F|  |TAMS 0x00000000c3400000, 0x00000000c3400000| Untracked 
|  25|0x00000000c3500000, 0x00000000c3500000, 0x00000000c3600000|  0%| F|  |TAMS 0x00000000c3500000, 0x00000000c3500000| Untracked 
|  26|0x00000000c3600000, 0x00000000c3600000, 0x00000000c3700000|  0%| F|  |TAMS 0x00000000c3600000, 0x00000000c3600000| Untracked 
|  27|0x00000000c3700000, 0x00000000c3700000, 0x00000000c3800000|  0%| F|  |TAMS 0x00000000c3700000, 0x00000000c3700000| Untracked 
|  28|0x00000000c3800000, 0x00000000c3800000, 0x00000000c3900000|  0%| F|  |TAMS 0x00000000c3800000, 0x00000000c3800000| Untracked 
|  29|0x00000000c3900000, 0x00000000c3900000, 0x00000000c3a00000|  0%| F|  |TAMS 0x00000000c3900000, 0x00000000c3900000| Untracked 
|  30|0x00000000c3a00000, 0x00000000c3a00000, 0x00000000c3b00000|  0%| F|  |TAMS 0x00000000c3a00000, 0x00000000c3a00000| Untracked 
|  31|0x00000000c3b00000, 0x00000000c3b00000, 0x00000000c3c00000|  0%| F|  |TAMS 0x00000000c3b00000, 0x00000000c3b00000| Untracked 
|  32|0x00000000c3c00000, 0x00000000c3c00000, 0x00000000c3d00000|  0%| F|  |TAMS 0x00000000c3c00000, 0x00000000c3c00000| Untracked 
|  33|0x00000000c3d00000, 0x00000000c3d00000, 0x00000000c3e00000|  0%| F|  |TAMS 0x00000000c3d00000, 0x00000000c3d00000| Untracked 
|  34|0x00000000c3e00000, 0x00000000c3e00000, 0x00000000c3f00000|  0%| F|  |TAMS 0x00000000c3e00000, 0x00000000c3e00000| Untracked 
|  35|0x00000000c3f00000, 0x00000000c3f00000, 0x00000000c4000000|  0%| F|  |TAMS 0x00000000c3f00000, 0x00000000c3f00000| Untracked 
|  36|0x00000000c4000000, 0x00000000c4000000, 0x00000000c4100000|  0%| F|  |TAMS 0x00000000c4000000, 0x00000000c4000000| Untracked 
|  37|0x00000000c4100000, 0x00000000c4100000, 0x00000000c4200000|  0%| F|  |TAMS 0x00000000c4100000, 0x00000000c4100000| Untracked 
|  38|0x00000000c4200000, 0x00000000c4200000, 0x00000000c4300000|  0%| F|  |TAMS 0x00000000c4200000, 0x00000000c4200000| Untracked 
|  39|0x00000000c4300000, 0x00000000c4300000, 0x00000000c4400000|  0%| F|  |TAMS 0x00000000c4300000, 0x00000000c4300000| Untracked 
|  40|0x00000000c4400000, 0x00000000c4400000, 0x00000000c4500000|  0%| F|  |TAMS 0x00000000c4400000, 0x00000000c4400000| Untracked 
|  41|0x00000000c4500000, 0x00000000c4500000, 0x00000000c4600000|  0%| F|  |TAMS 0x00000000c4500000, 0x00000000c4500000| Untracked 
|  42|0x00000000c4600000, 0x00000000c4600000, 0x00000000c4700000|  0%| F|  |TAMS 0x00000000c4600000, 0x00000000c4600000| Untracked 
|  43|0x00000000c4700000, 0x00000000c4700000, 0x00000000c4800000|  0%| F|  |TAMS 0x00000000c4700000, 0x00000000c4700000| Untracked 
|  44|0x00000000c4800000, 0x00000000c4800000, 0x00000000c4900000|  0%| F|  |TAMS 0x00000000c4800000, 0x00000000c4800000| Untracked 
|  45|0x00000000c4900000, 0x00000000c4900000, 0x00000000c4a00000|  0%| F|  |TAMS 0x00000000c4900000, 0x00000000c4900000| Untracked 
|  46|0x00000000c4a00000, 0x00000000c4a00000, 0x00000000c4b00000|  0%| F|  |TAMS 0x00000000c4a00000, 0x00000000c4a00000| Untracked 
|  47|0x00000000c4b00000, 0x00000000c4b00000, 0x00000000c4c00000|  0%| F|  |TAMS 0x00000000c4b00000, 0x00000000c4b00000| Untracked 
|  48|0x00000000c4c00000, 0x00000000c4c00000, 0x00000000c4d00000|  0%| F|  |TAMS 0x00000000c4c00000, 0x00000000c4c00000| Untracked 
|  49|0x00000000c4d00000, 0x00000000c4d00000, 0x00000000c4e00000|  0%| F|  |TAMS 0x00000000c4d00000, 0x00000000c4d00000| Untracked 
|  50|0x00000000c4e00000, 0x00000000c4e00000, 0x00000000c4f00000|  0%| F|  |TAMS 0x00000000c4e00000, 0x00000000c4e00000| Untracked 
|  51|0x00000000c4f00000, 0x00000000c4f00000, 0x00000000c5000000|  0%| F|  |TAMS 0x00000000c4f00000, 0x00000000c4f00000| Untracked 
|  52|0x00000000c5000000, 0x00000000c5000000, 0x00000000c5100000|  0%| F|  |TAMS 0x00000000c5000000, 0x00000000c5000000| Untracked 
|  53|0x00000000c5100000, 0x00000000c5100000, 0x00000000c5200000|  0%| F|  |TAMS 0x00000000c5100000, 0x00000000c5100000| Untracked 
|  54|0x00000000c5200000, 0x00000000c5200000, 0x00000000c5300000|  0%| F|  |TAMS 0x00000000c5200000, 0x00000000c5200000| Untracked 
|  55|0x00000000c5300000, 0x00000000c5300000, 0x00000000c5400000|  0%| F|  |TAMS 0x00000000c5300000, 0x00000000c5300000| Untracked 
|  56|0x00000000c5400000, 0x00000000c5400000, 0x00000000c5500000|  0%| F|  |TAMS 0x00000000c5400000, 0x00000000c5400000| Untracked 
|  57|0x00000000c5500000, 0x00000000c5500000, 0x00000000c5600000|  0%| F|  |TAMS 0x00000000c5500000, 0x00000000c5500000| Untracked 
|  58|0x00000000c5600000, 0x00000000c5600000, 0x00000000c5700000|  0%| F|  |TAMS 0x00000000c5600000, 0x00000000c5600000| Untracked 
|  59|0x00000000c5700000, 0x00000000c5700000, 0x00000000c5800000|  0%| F|  |TAMS 0x00000000c5700000, 0x00000000c5700000| Untracked 
|  60|0x00000000c5800000, 0x00000000c5800000, 0x00000000c5900000|  0%| F|  |TAMS 0x00000000c5800000, 0x00000000c5800000| Untracked 
|  61|0x00000000c5900000, 0x00000000c5900000, 0x00000000c5a00000|  0%| F|  |TAMS 0x00000000c5900000, 0x00000000c5900000| Untracked 
|  62|0x00000000c5a00000, 0x00000000c5a00000, 0x00000000c5b00000|  0%| F|  |TAMS 0x00000000c5a00000, 0x00000000c5a00000| Untracked 
|  63|0x00000000c5b00000, 0x00000000c5bc7bd0, 0x00000000c5c00000| 78%| E|  |TAMS 0x00000000c5b00000, 0x00000000c5b00000| Complete 

Card table byte_map: [0x0000020663c20000,0x0000020663e20000] _byte_map_base: 0x0000020663612000

Marking Bits (Prev, Next): (CMBitMap*) 0x000002064cf64880, (CMBitMap*) 0x000002064cf648c0
 Prev Bits: [0x0000020664020000, 0x0000020664fb0000)
 Next Bits: [0x0000020664fb0000, 0x0000020665f40000)

Polling page: 0x000002064aed0000

Metaspace:

Usage:
  Non-class:     75.74 KB used.
      Class:      2.09 KB used.
       Both:     77.83 KB used.

Virtual space:
  Non-class space:        8.00 MB reserved,     128.00 KB (  2%) committed,  1 nodes.
      Class space:        1.00 GB reserved,      64.00 KB ( <1%) committed,  1 nodes.
             Both:        1.01 GB reserved,     192.00 KB ( <1%) committed. 

Chunk freelists:
   Non-Class:  0 bytes
       Class:  3.75 MB
        Both:  3.75 MB

MaxMetaspaceSize: unlimited
CompressedClassSpaceSize: 1.00 GB
Initial GC threshold: 21.00 MB
Current GC threshold: 21.00 MB
CDS: on
MetaspaceReclaimPolicy: balanced
 - commit_granule_bytes: 65536.
 - commit_granule_words: 8192.
 - virtual_space_node_default_size: 1048576.
 - enlarge_chunks_in_place: 1.
 - new_chunks_are_fully_committed: 0.
 - uncommit_free_chunks: 1.
 - use_allocation_guard: 0.
 - handle_deallocations: 1.


Internal statistics:

num_allocs_failed_limit: 0.
num_arena_births: 2.
num_arena_deaths: 0.
num_vsnodes_births: 2.
num_vsnodes_deaths: 0.
num_space_committed: 3.
num_space_uncommitted: 0.
num_chunks_returned_to_freelist: 0.
num_chunks_taken_from_freelist: 3.
num_chunk_merges: 0.
num_chunk_splits: 1.
num_chunks_enlarged: 0.
num_purges: 0.
num_inconsistent_stats: 0.

CodeHeap 'non-profiled nmethods': size=120000Kb used=4Kb max_used=4Kb free=119995Kb
 bounds [0x000002065c4f0000, 0x000002065c760000, 0x0000020663a20000]
CodeHeap 'profiled nmethods': size=120000Kb used=38Kb max_used=38Kb free=119961Kb
 bounds [0x0000020654a20000, 0x0000020654c90000, 0x000002065bf50000]
CodeHeap 'non-nmethods': size=5760Kb used=1020Kb max_used=1020Kb free=4739Kb
 bounds [0x000002065bf50000, 0x000002065c1c0000, 0x000002065c4f0000]
 total_blobs=302 nmethods=32 adapters=197
 compilation: enabled
              stopped_count=0, restarted_count=0
 full_count=0

Compilation events (0 events):
No events

GC Heap History (0 events):
No events

Dll operation events (2 events):
Event: 0.268 Loaded shared library C:\Users\BABAI DAS\AppData\Local\Programs\Eclipse Adoptium\jdk-17.0.6.10-hotspot\bin\java.dll
Event: 0.494 Loaded shared library C:\Users\BABAI DAS\AppData\Local\Programs\Eclipse Adoptium\jdk-17.0.6.10-hotspot\bin\jsvml.dll

Deoptimization events (0 events):
No events

Classes unloaded (0 events):
No events

Classes redefined (0 events):
No events

Internal exceptions (0 events):
No events

VM Operations (0 events):
No events

Events (14 events):
Event: 0.497 Thread 0x000002064cf25fb0 Thread added: 0x000002064cf25fb0
Event: 0.548 Thread 0x000002064cfecf40 Thread added: 0x000002064cfecf40
Event: 0.549 Thread 0x000002064cfed9c0 Thread added: 0x000002064cfed9c0
Event: 0.582 loading class sun/nio/cs/IBM437
Event: 0.584 loading class sun/nio/cs/IBM437 done
Event: 0.587 loading class sun/nio/cs/IBM437$Holder
Event: 0.588 loading class sun/nio/cs/IBM437$Holder done
Event: 0.599 Thread 0x000002064cffd350 Thread added: 0x000002064cffd350
Event: 0.599 Thread 0x000002064cffda20 Thread added: 0x000002064cffda20
Event: 0.599 Thread 0x000002064cffdfe0 Thread added: 0x000002064cffdfe0
Event: 0.599 Thread 0x000002064cffe5a0 Thread added: 0x000002064cffe5a0
Event: 0.600 Thread 0x0000020668395f00 Thread added: 0x0000020668395f00
Event: 0.601 Thread 0x00000206683975c0 Thread added: 0x00000206683975c0
Event: 0.602 Thread 0x000002066839fbf0 Thread added: 0x000002066839fbf0


Dynamic libraries:
0x00007ff606800000 - 0x00007ff60680e000 	C:\Users\BABAI DAS\AppData\Local\Programs\Eclipse Adoptium\jdk-17.0.6.10-hotspot\bin\java.exe
0x00007ffdff970000 - 0x00007ffdffb68000 	C:\WINDOWS\SYSTEM32\ntdll.dll
0x00007ffdfe600000 - 0x00007ffdfe6bd000 	C:\WINDOWS\System32\KERNEL32.DLL
0x00007ffdfd290000 - 0x00007ffdfd586000 	C:\WINDOWS\System32\KERNELBASE.dll
0x00007ffdfd6e0000 - 0x00007ffdfd7e0000 	C:\WINDOWS\System32\ucrtbase.dll
0x00007ffdec320000 - 0x00007ffdec337000 	C:\Users\BABAI DAS\AppData\Local\Programs\Eclipse Adoptium\jdk-17.0.6.10-hotspot\bin\jli.dll
0x00007ffdff0d0000 - 0x00007ffdff26e000 	C:\WINDOWS\System32\USER32.dll
0x00007ffdfd6b0000 - 0x00007ffdfd6d2000 	C:\WINDOWS\System32\win32u.dll
0x00007ffdfd9d0000 - 0x00007ffdfd9fc000 	C:\WINDOWS\System32\GDI32.dll
0x00007ffdfd170000 - 0x00007ffdfd28a000 	C:\WINDOWS\System32\gdi32full.dll
0x00007ffdfd050000 - 0x00007ffdfd0ed000 	C:\WINDOWS\System32\msvcp_win.dll
0x00007ffdfc3d0000 - 0x00007ffdfc66a000 	C:\WINDOWS\WinSxS\amd64_microsoft.windows.common-controls_6595b64144ccf1df_6.0.19041.1110_none_60b5254171f9507e\COMCTL32.dll
0x00007ffdff890000 - 0x00007ffdff92e000 	C:\WINDOWS\System32\msvcrt.dll
0x00007ffdec300000 - 0x00007ffdec319000 	C:\Users\BABAI DAS\AppData\Local\Programs\Eclipse Adoptium\jdk-17.0.6.10-hotspot\bin\VCRUNTIME140.dll
0x00007ffdfe6c0000 - 0x00007ffdfe6f0000 	C:\WINDOWS\System32\IMM32.DLL
0x00007ffdfb0a0000 - 0x00007ffdfb0ac000 	C:\Users\BABAI DAS\AppData\Local\Programs\Eclipse Adoptium\jdk-17.0.6.10-hotspot\bin\vcruntime140_1.dll
0x00007ffdcac10000 - 0x00007ffdcaca1000 	C:\Users\BABAI DAS\AppData\Local\Programs\Eclipse Adoptium\jdk-17.0.6.10-hotspot\bin\msvcp140.dll
0x00007ffda3d60000 - 0x00007ffda49a7000 	C:\Users\BABAI DAS\AppData\Local\Programs\Eclipse Adoptium\jdk-17.0.6.10-hotspot\bin\server\jvm.dll
0x00007ffdfdb10000 - 0x00007ffdfdbbe000 	C:\WINDOWS\System32\ADVAPI32.dll
0x00007ffdfee40000 - 0x00007ffdfeedc000 	C:\WINDOWS\System32\sechost.dll
0x00007ffdff270000 - 0x00007ffdff396000 	C:\WINDOWS\System32\RPCRT4.dll
0x00007ffdd99a0000 - 0x00007ffdd99c7000 	C:\WINDOWS\SYSTEM32\WINMM.dll
0x00007ffdf7a10000 - 0x00007ffdf7a19000 	C:\WINDOWS\SYSTEM32\WSOCK32.dll
0x00007ffdf38c0000 - 0x00007ffdf38ca000 	C:\WINDOWS\SYSTEM32\VERSION.dll
0x00007ffdff610000 - 0x00007ffdff67b000 	C:\WINDOWS\System32\WS2_32.dll
0x00007ffdfb210000 - 0x00007ffdfb222000 	C:\WINDOWS\SYSTEM32\kernel.appcore.dll
0x00007ffdedbf0000 - 0x00007ffdedbfa000 	C:\Users\BABAI DAS\AppData\Local\Programs\Eclipse Adoptium\jdk-17.0.6.10-hotspot\bin\jimage.dll
0x00007ffdfc960000 - 0x00007ffdfcb44000 	C:\WINDOWS\SYSTEM32\DBGHELP.DLL
0x00007ffdfc780000 - 0x00007ffdfc7b4000 	C:\WINDOWS\SYSTEM32\dbgcore.DLL
0x00007ffdfd7e0000 - 0x00007ffdfd862000 	C:\WINDOWS\System32\bcryptPrimitives.dll
0x00007ffde6970000 - 0x00007ffde6995000 	C:\Users\BABAI DAS\AppData\Local\Programs\Eclipse Adoptium\jdk-17.0.6.10-hotspot\bin\java.dll
0x00007ffdc2740000 - 0x00007ffdc2816000 	C:\Users\BABAI DAS\AppData\Local\Programs\Eclipse Adoptium\jdk-17.0.6.10-hotspot\bin\jsvml.dll
0x00007ffdfe6f0000 - 0x00007ffdfee34000 	C:\WINDOWS\System32\SHELL32.dll
0x00007ffdfa3d0000 - 0x00007ffdfab6b000 	C:\WINDOWS\SYSTEM32\windows.storage.dll
0x00007ffdfde30000 - 0x00007ffdfe184000 	C:\WINDOWS\System32\combase.dll
0x00007ffdfc330000 - 0x00007ffdfc35d000 	C:\WINDOWS\SYSTEM32\Wldp.dll
0x00007ffdff680000 - 0x00007ffdff72d000 	C:\WINDOWS\System32\SHCORE.dll
0x00007ffdfdbc0000 - 0x00007ffdfdc15000 	C:\WINDOWS\System32\shlwapi.dll
0x00007ffdfcf80000 - 0x00007ffdfcfa5000 	C:\WINDOWS\SYSTEM32\profapi.dll

dbghelp: loaded successfully - version: 4.0.5 - missing functions: none
symbol engine: initialized successfully - sym options: 0x614 - pdb path: .;C:\Users\BABAI DAS\AppData\Local\Programs\Eclipse Adoptium\jdk-17.0.6.10-hotspot\bin;C:\WINDOWS\SYSTEM32;C:\WINDOWS\WinSxS\amd64_microsoft.windows.common-controls_6595b64144ccf1df_6.0.19041.1110_none_60b5254171f9507e;C:\Users\BABAI DAS\AppData\Local\Programs\Eclipse Adoptium\jdk-17.0.6.10-hotspot\bin\server

VM Arguments:
jvm_args: -XX:+ShowCodeDetailsInExceptionMessages 
java_command: resume
java_class_path (initial): C:\Users\BABAI DAS\AppData\Roaming\Code\User\workspaceStorage\8c9e7ab0e24c1713bfddad1e99d17131\redhat.java\jdt_ws\OnlineResume_Builder_eeca85dc\bin
Launcher Type: SUN_STANDARD

[Global flags]
     intx CICompilerCount                          = 3                                         {product} {ergonomic}
     uint ConcGCThreads                            = 1                                         {product} {ergonomic}
     uint G1ConcRefinementThreads                  = 4                                         {product} {ergonomic}
   size_t G1HeapRegionSize                         = 1048576                                   {product} {ergonomic}
    uintx GCDrainStackTargetSize                   = 64                                        {product} {ergonomic}
   size_t InitialHeapSize                          = 67108864                                  {product} {ergonomic}
   size_t MarkStackSize                            = 4194304                                   {product} {ergonomic}
   size_t MaxHeapSize                              = 1044381696                                {product} {ergonomic}
   size_t MaxNewSize                               = 625999872                                 {product} {ergonomic}
   size_t MinHeapDeltaBytes                        = 1048576                                   {product} {ergonomic}
   size_t MinHeapSize                              = 8388608                                   {product} {ergonomic}
    uintx NonNMethodCodeHeapSize                   = 5832780                                {pd product} {ergonomic}
    uintx NonProfiledCodeHeapSize                  = 122912730                              {pd product} {ergonomic}
    uintx ProfiledCodeHeapSize                     = 122912730                              {pd product} {ergonomic}
    uintx ReservedCodeCacheSize                    = 251658240                              {pd product} {ergonomic}
     bool SegmentedCodeCache                       = true                                      {product} {ergonomic}
     bool ShowCodeDetailsInExceptionMessages       = true                                   {manageable} {command line}
   size_t SoftMaxHeapSize                          = 1044381696                             {manageable} {ergonomic}
     bool UseCompressedClassPointers               = true                           {product lp64_product} {ergonomic}
     bool UseCompressedOops                        = true                           {product lp64_product} {ergonomic}
     bool UseG1GC                                  = true                                      {product} {ergonomic}
     bool UseLargePagesIndividualAllocation        = false                                  {pd product} {ergonomic}

Logging:
Log output configuration:
 #0: stdout all=warning uptime,level,tags
 #1: stderr all=off uptime,level,tags

Environment Variables:
JAVA_HOME=C:\Users\BABAI DAS\AppData\Local\Programs\Eclipse Adoptium\jdk-17.0.6.10-hotspot\
PATH=C:\WINDOWS\system32;C:\WINDOWS;C:\WINDOWS\System32\Wbem;C:\WINDOWS\System32\WindowsPowerShell\v1.0\;C:\WINDOWS\System32\OpenSSH\;C:\Program Files\Intel\WiFi\bin\;C:\Program Files\Common Files\Intel\WirelessCommon\;C:\Program Files\Microsoft VS Code\bin;C:\Users\BABAI DAS\AppData\Local\Programs\Eclipse Adoptium\jdk-17.0.6.10-hotspot\bin;C:\Users\BABAI DAS\AppData\Local\Microsoft\WindowsApps;C:\MinGW\bin;;C:\Program Files\JetBrains\IntelliJ IDEA Community Edition 2022.3.3\bin;
USERNAME=BABAI DAS
LANG=en_US.UTF-8
OS=Windows_NT
PROCESSOR_IDENTIFIER=Intel64 Family 6 Model 142 Stepping 9, GenuineIntel
TMP=C:\Users\BABAID~1\AppData\Local\Temp
TEMP=C:\Users\BABAID~1\AppData\Local\Temp



---------------  S Y S T E M  ---------------

OS:
 Windows 10 , 64 bit Build 19041 (10.0.19041.3393)
OS uptime: 7 days 4:15 hours

CPU: total 4 (initial active 4) (2 cores per cpu, 2 threads per core) family 6 model 142 stepping 9 microcode 0xde, cx8, cmov, fxsr, ht, mmx, 3dnowpref, sse, sse2, sse3, ssse3, sse4.1, sse4.2, popcnt, lzcnt, tsc, tscinvbit, avx, avx2, aes, erms, clmul, bmi1, bmi2, adx, fma, vzeroupper, clflush, clflushopt

Memory: 4k page, system-wide physical 3978M (221M free)
TotalPageFile size 16266M (AvailPageFile size 2M)
current process WorkingSet (physical memory assigned to process): 22M, peak: 22M
current process commit charge ("private bytes"): 133M, peak: 133M

vm_info: OpenJDK 64-Bit Server VM (17.0.6+10) for windows-amd64 JRE (17.0.6+10), built on Jan 18 2023 10:08:59 by "temurin" with MS VC++ 16.7 (VS2019)

END.
